Created by PLY version 3.11 (http://www.dabeaz.com/ply)

Unused terminals:

    AND
    ASPAS
    COMENTARIO
    DIFERENTE
    DOISPONTOS
    DUPLOIGUAL
    FINALLINHA
    MAIOR
    MAIORIGUAL
    MENOR
    MENORIGUAL
    NOT
    OR
    PONTO
    RESERVADA
    VIRGULA
    numero_mf
    string_mf
    variavel_mf

Grammar

Rule 0     S' -> program
Rule 1     program -> PLAY statements CLOSE
Rule 2     statements -> statements statement
Rule 3     statements -> statement
Rule 4     statement -> REPETICAO ABREPARENTESE expression FECHAPARENTESE INICIOBLOCO statements FIMBLOCO
Rule 5     statement -> CASO ABREPARENTESE expression FECHAPARENTESE INICIOBLOCO statements FIMBLOCO
Rule 6     statement -> CASO ABREPARENTESE expression FECHAPARENTESE INICIOBLOCO statements FIMBLOCO CASOCONTRARIO INICIOBLOCO statements FIMBLOCO
Rule 7     statement -> VARIAVEL ATRIBUICAO expression PONTOVIRGULA
Rule 8     statement -> VARIAVEL ATRIBUICAO INTEIRO PONTOVIRGULA
Rule 9     statement -> VARIAVEL ATRIBUICAO REAL PONTOVIRGULA
Rule 10    statement -> VARIAVEL ATRIBUICAO CARACTER PONTOVIRGULA
Rule 11    statement -> VARIAVEL ATRIBUICAO VARIAVEL PONTOVIRGULA
Rule 12    statement -> ENTRADA ABREPARENTESE VARIAVEL FECHAPARENTESE PONTOVIRGULA
Rule 13    statement -> SAIDA ABREPARENTESE expression FECHAPARENTESE PONTOVIRGULA
Rule 14    expression -> expression SOMA expression
Rule 15    expression -> expression SUB expression
Rule 16    expression -> expression MULT expression
Rule 17    expression -> expression DIV expression
Rule 18    expression -> expression RESTO expression
Rule 19    expression -> ABREPARENTESE expression FECHAPARENTESE
Rule 20    expression -> INTEIRO
Rule 21    expression -> REAL
Rule 22    expression -> VARIAVEL
Rule 23    expression -> CARACTER

Terminals, with rules where they appear

ABREPARENTESE        : 4 5 6 12 13 19
AND                  : 
ASPAS                : 
ATRIBUICAO           : 7 8 9 10 11
CARACTER             : 10 23
CASO                 : 5 6
CASOCONTRARIO        : 6
CLOSE                : 1
COMENTARIO           : 
DIFERENTE            : 
DIV                  : 17
DOISPONTOS           : 
DUPLOIGUAL           : 
ENTRADA              : 12
FECHAPARENTESE       : 4 5 6 12 13 19
FIMBLOCO             : 4 5 6 6
FINALLINHA           : 
INICIOBLOCO          : 4 5 6 6
INTEIRO              : 8 20
MAIOR                : 
MAIORIGUAL           : 
MENOR                : 
MENORIGUAL           : 
MULT                 : 16
NOT                  : 
OR                   : 
PLAY                 : 1
PONTO                : 
PONTOVIRGULA         : 7 8 9 10 11 12 13
REAL                 : 9 21
REPETICAO            : 4
RESERVADA            : 
RESTO                : 18
SAIDA                : 13
SOMA                 : 14
SUB                  : 15
VARIAVEL             : 7 8 9 10 11 11 12 22
VIRGULA              : 
error                : 
numero_mf            : 
string_mf            : 
variavel_mf          : 

Nonterminals, with rules where they appear

expression           : 4 5 6 7 13 14 14 15 15 16 16 17 17 18 18 19
program              : 0
statement            : 2 3
statements           : 1 2 4 5 6 6

Parsing method: LALR

state 0

    (0) S' -> . program
    (1) program -> . PLAY statements CLOSE

    PLAY            shift and go to state 2

    program                        shift and go to state 1

state 1

    (0) S' -> program .



state 2

    (1) program -> PLAY . statements CLOSE
    (2) statements -> . statements statement
    (3) statements -> . statement
    (4) statement -> . REPETICAO ABREPARENTESE expression FECHAPARENTESE INICIOBLOCO statements FIMBLOCO
    (5) statement -> . CASO ABREPARENTESE expression FECHAPARENTESE INICIOBLOCO statements FIMBLOCO
    (6) statement -> . CASO ABREPARENTESE expression FECHAPARENTESE INICIOBLOCO statements FIMBLOCO CASOCONTRARIO INICIOBLOCO statements FIMBLOCO
    (7) statement -> . VARIAVEL ATRIBUICAO expression PONTOVIRGULA
    (8) statement -> . VARIAVEL ATRIBUICAO INTEIRO PONTOVIRGULA
    (9) statement -> . VARIAVEL ATRIBUICAO REAL PONTOVIRGULA
    (10) statement -> . VARIAVEL ATRIBUICAO CARACTER PONTOVIRGULA
    (11) statement -> . VARIAVEL ATRIBUICAO VARIAVEL PONTOVIRGULA
    (12) statement -> . ENTRADA ABREPARENTESE VARIAVEL FECHAPARENTESE PONTOVIRGULA
    (13) statement -> . SAIDA ABREPARENTESE expression FECHAPARENTESE PONTOVIRGULA

    REPETICAO       shift and go to state 5
    CASO            shift and go to state 6
    VARIAVEL        shift and go to state 7
    ENTRADA         shift and go to state 8
    SAIDA           shift and go to state 9

    statements                     shift and go to state 3
    statement                      shift and go to state 4

state 3

    (1) program -> PLAY statements . CLOSE
    (2) statements -> statements . statement
    (4) statement -> . REPETICAO ABREPARENTESE expression FECHAPARENTESE INICIOBLOCO statements FIMBLOCO
    (5) statement -> . CASO ABREPARENTESE expression FECHAPARENTESE INICIOBLOCO statements FIMBLOCO
    (6) statement -> . CASO ABREPARENTESE expression FECHAPARENTESE INICIOBLOCO statements FIMBLOCO CASOCONTRARIO INICIOBLOCO statements FIMBLOCO
    (7) statement -> . VARIAVEL ATRIBUICAO expression PONTOVIRGULA
    (8) statement -> . VARIAVEL ATRIBUICAO INTEIRO PONTOVIRGULA
    (9) statement -> . VARIAVEL ATRIBUICAO REAL PONTOVIRGULA
    (10) statement -> . VARIAVEL ATRIBUICAO CARACTER PONTOVIRGULA
    (11) statement -> . VARIAVEL ATRIBUICAO VARIAVEL PONTOVIRGULA
    (12) statement -> . ENTRADA ABREPARENTESE VARIAVEL FECHAPARENTESE PONTOVIRGULA
    (13) statement -> . SAIDA ABREPARENTESE expression FECHAPARENTESE PONTOVIRGULA

    CLOSE           shift and go to state 10
    REPETICAO       shift and go to state 5
    CASO            shift and go to state 6
    VARIAVEL        shift and go to state 7
    ENTRADA         shift and go to state 8
    SAIDA           shift and go to state 9

    statement                      shift and go to state 11

state 4

    (3) statements -> statement .

    CLOSE           reduce using rule 3 (statements -> statement .)
    REPETICAO       reduce using rule 3 (statements -> statement .)
    CASO            reduce using rule 3 (statements -> statement .)
    VARIAVEL        reduce using rule 3 (statements -> statement .)
    ENTRADA         reduce using rule 3 (statements -> statement .)
    SAIDA           reduce using rule 3 (statements -> statement .)
    FIMBLOCO        reduce using rule 3 (statements -> statement .)


state 5

    (4) statement -> REPETICAO . ABREPARENTESE expression FECHAPARENTESE INICIOBLOCO statements FIMBLOCO

    ABREPARENTESE   shift and go to state 12


state 6

    (5) statement -> CASO . ABREPARENTESE expression FECHAPARENTESE INICIOBLOCO statements FIMBLOCO
    (6) statement -> CASO . ABREPARENTESE expression FECHAPARENTESE INICIOBLOCO statements FIMBLOCO CASOCONTRARIO INICIOBLOCO statements FIMBLOCO

    ABREPARENTESE   shift and go to state 13


state 7

    (7) statement -> VARIAVEL . ATRIBUICAO expression PONTOVIRGULA
    (8) statement -> VARIAVEL . ATRIBUICAO INTEIRO PONTOVIRGULA
    (9) statement -> VARIAVEL . ATRIBUICAO REAL PONTOVIRGULA
    (10) statement -> VARIAVEL . ATRIBUICAO CARACTER PONTOVIRGULA
    (11) statement -> VARIAVEL . ATRIBUICAO VARIAVEL PONTOVIRGULA

    ATRIBUICAO      shift and go to state 14


state 8

    (12) statement -> ENTRADA . ABREPARENTESE VARIAVEL FECHAPARENTESE PONTOVIRGULA

    ABREPARENTESE   shift and go to state 15


state 9

    (13) statement -> SAIDA . ABREPARENTESE expression FECHAPARENTESE PONTOVIRGULA

    ABREPARENTESE   shift and go to state 16


state 10

    (1) program -> PLAY statements CLOSE .

    $end            reduce using rule 1 (program -> PLAY statements CLOSE .)


state 11

    (2) statements -> statements statement .

    CLOSE           reduce using rule 2 (statements -> statements statement .)
    REPETICAO       reduce using rule 2 (statements -> statements statement .)
    CASO            reduce using rule 2 (statements -> statements statement .)
    VARIAVEL        reduce using rule 2 (statements -> statements statement .)
    ENTRADA         reduce using rule 2 (statements -> statements statement .)
    SAIDA           reduce using rule 2 (statements -> statements statement .)
    FIMBLOCO        reduce using rule 2 (statements -> statements statement .)


state 12

    (4) statement -> REPETICAO ABREPARENTESE . expression FECHAPARENTESE INICIOBLOCO statements FIMBLOCO
    (14) expression -> . expression SOMA expression
    (15) expression -> . expression SUB expression
    (16) expression -> . expression MULT expression
    (17) expression -> . expression DIV expression
    (18) expression -> . expression RESTO expression
    (19) expression -> . ABREPARENTESE expression FECHAPARENTESE
    (20) expression -> . INTEIRO
    (21) expression -> . REAL
    (22) expression -> . VARIAVEL
    (23) expression -> . CARACTER

    ABREPARENTESE   shift and go to state 17
    INTEIRO         shift and go to state 19
    REAL            shift and go to state 20
    VARIAVEL        shift and go to state 21
    CARACTER        shift and go to state 22

    expression                     shift and go to state 18

state 13

    (5) statement -> CASO ABREPARENTESE . expression FECHAPARENTESE INICIOBLOCO statements FIMBLOCO
    (6) statement -> CASO ABREPARENTESE . expression FECHAPARENTESE INICIOBLOCO statements FIMBLOCO CASOCONTRARIO INICIOBLOCO statements FIMBLOCO
    (14) expression -> . expression SOMA expression
    (15) expression -> . expression SUB expression
    (16) expression -> . expression MULT expression
    (17) expression -> . expression DIV expression
    (18) expression -> . expression RESTO expression
    (19) expression -> . ABREPARENTESE expression FECHAPARENTESE
    (20) expression -> . INTEIRO
    (21) expression -> . REAL
    (22) expression -> . VARIAVEL
    (23) expression -> . CARACTER

    ABREPARENTESE   shift and go to state 17
    INTEIRO         shift and go to state 19
    REAL            shift and go to state 20
    VARIAVEL        shift and go to state 21
    CARACTER        shift and go to state 22

    expression                     shift and go to state 23

state 14

    (7) statement -> VARIAVEL ATRIBUICAO . expression PONTOVIRGULA
    (8) statement -> VARIAVEL ATRIBUICAO . INTEIRO PONTOVIRGULA
    (9) statement -> VARIAVEL ATRIBUICAO . REAL PONTOVIRGULA
    (10) statement -> VARIAVEL ATRIBUICAO . CARACTER PONTOVIRGULA
    (11) statement -> VARIAVEL ATRIBUICAO . VARIAVEL PONTOVIRGULA
    (14) expression -> . expression SOMA expression
    (15) expression -> . expression SUB expression
    (16) expression -> . expression MULT expression
    (17) expression -> . expression DIV expression
    (18) expression -> . expression RESTO expression
    (19) expression -> . ABREPARENTESE expression FECHAPARENTESE
    (20) expression -> . INTEIRO
    (21) expression -> . REAL
    (22) expression -> . VARIAVEL
    (23) expression -> . CARACTER

    INTEIRO         shift and go to state 26
    REAL            shift and go to state 27
    CARACTER        shift and go to state 28
    VARIAVEL        shift and go to state 24
    ABREPARENTESE   shift and go to state 17

    expression                     shift and go to state 25

state 15

    (12) statement -> ENTRADA ABREPARENTESE . VARIAVEL FECHAPARENTESE PONTOVIRGULA

    VARIAVEL        shift and go to state 29


state 16

    (13) statement -> SAIDA ABREPARENTESE . expression FECHAPARENTESE PONTOVIRGULA
    (14) expression -> . expression SOMA expression
    (15) expression -> . expression SUB expression
    (16) expression -> . expression MULT expression
    (17) expression -> . expression DIV expression
    (18) expression -> . expression RESTO expression
    (19) expression -> . ABREPARENTESE expression FECHAPARENTESE
    (20) expression -> . INTEIRO
    (21) expression -> . REAL
    (22) expression -> . VARIAVEL
    (23) expression -> . CARACTER

    ABREPARENTESE   shift and go to state 17
    INTEIRO         shift and go to state 19
    REAL            shift and go to state 20
    VARIAVEL        shift and go to state 21
    CARACTER        shift and go to state 22

    expression                     shift and go to state 30

state 17

    (19) expression -> ABREPARENTESE . expression FECHAPARENTESE
    (14) expression -> . expression SOMA expression
    (15) expression -> . expression SUB expression
    (16) expression -> . expression MULT expression
    (17) expression -> . expression DIV expression
    (18) expression -> . expression RESTO expression
    (19) expression -> . ABREPARENTESE expression FECHAPARENTESE
    (20) expression -> . INTEIRO
    (21) expression -> . REAL
    (22) expression -> . VARIAVEL
    (23) expression -> . CARACTER

    ABREPARENTESE   shift and go to state 17
    INTEIRO         shift and go to state 19
    REAL            shift and go to state 20
    VARIAVEL        shift and go to state 21
    CARACTER        shift and go to state 22

    expression                     shift and go to state 31

state 18

    (4) statement -> REPETICAO ABREPARENTESE expression . FECHAPARENTESE INICIOBLOCO statements FIMBLOCO
    (14) expression -> expression . SOMA expression
    (15) expression -> expression . SUB expression
    (16) expression -> expression . MULT expression
    (17) expression -> expression . DIV expression
    (18) expression -> expression . RESTO expression

    FECHAPARENTESE  shift and go to state 32
    SOMA            shift and go to state 33
    SUB             shift and go to state 34
    MULT            shift and go to state 35
    DIV             shift and go to state 36
    RESTO           shift and go to state 37


state 19

    (20) expression -> INTEIRO .

    FECHAPARENTESE  reduce using rule 20 (expression -> INTEIRO .)
    SOMA            reduce using rule 20 (expression -> INTEIRO .)
    SUB             reduce using rule 20 (expression -> INTEIRO .)
    MULT            reduce using rule 20 (expression -> INTEIRO .)
    DIV             reduce using rule 20 (expression -> INTEIRO .)
    RESTO           reduce using rule 20 (expression -> INTEIRO .)
    PONTOVIRGULA    reduce using rule 20 (expression -> INTEIRO .)


state 20

    (21) expression -> REAL .

    FECHAPARENTESE  reduce using rule 21 (expression -> REAL .)
    SOMA            reduce using rule 21 (expression -> REAL .)
    SUB             reduce using rule 21 (expression -> REAL .)
    MULT            reduce using rule 21 (expression -> REAL .)
    DIV             reduce using rule 21 (expression -> REAL .)
    RESTO           reduce using rule 21 (expression -> REAL .)
    PONTOVIRGULA    reduce using rule 21 (expression -> REAL .)


state 21

    (22) expression -> VARIAVEL .

    FECHAPARENTESE  reduce using rule 22 (expression -> VARIAVEL .)
    SOMA            reduce using rule 22 (expression -> VARIAVEL .)
    SUB             reduce using rule 22 (expression -> VARIAVEL .)
    MULT            reduce using rule 22 (expression -> VARIAVEL .)
    DIV             reduce using rule 22 (expression -> VARIAVEL .)
    RESTO           reduce using rule 22 (expression -> VARIAVEL .)
    PONTOVIRGULA    reduce using rule 22 (expression -> VARIAVEL .)


state 22

    (23) expression -> CARACTER .

    FECHAPARENTESE  reduce using rule 23 (expression -> CARACTER .)
    SOMA            reduce using rule 23 (expression -> CARACTER .)
    SUB             reduce using rule 23 (expression -> CARACTER .)
    MULT            reduce using rule 23 (expression -> CARACTER .)
    DIV             reduce using rule 23 (expression -> CARACTER .)
    RESTO           reduce using rule 23 (expression -> CARACTER .)
    PONTOVIRGULA    reduce using rule 23 (expression -> CARACTER .)


state 23

    (5) statement -> CASO ABREPARENTESE expression . FECHAPARENTESE INICIOBLOCO statements FIMBLOCO
    (6) statement -> CASO ABREPARENTESE expression . FECHAPARENTESE INICIOBLOCO statements FIMBLOCO CASOCONTRARIO INICIOBLOCO statements FIMBLOCO
    (14) expression -> expression . SOMA expression
    (15) expression -> expression . SUB expression
    (16) expression -> expression . MULT expression
    (17) expression -> expression . DIV expression
    (18) expression -> expression . RESTO expression

    FECHAPARENTESE  shift and go to state 38
    SOMA            shift and go to state 33
    SUB             shift and go to state 34
    MULT            shift and go to state 35
    DIV             shift and go to state 36
    RESTO           shift and go to state 37


state 24

    (11) statement -> VARIAVEL ATRIBUICAO VARIAVEL . PONTOVIRGULA
    (22) expression -> VARIAVEL .

  ! shift/reduce conflict for PONTOVIRGULA resolved as shift
    PONTOVIRGULA    shift and go to state 39
    SOMA            reduce using rule 22 (expression -> VARIAVEL .)
    SUB             reduce using rule 22 (expression -> VARIAVEL .)
    MULT            reduce using rule 22 (expression -> VARIAVEL .)
    DIV             reduce using rule 22 (expression -> VARIAVEL .)
    RESTO           reduce using rule 22 (expression -> VARIAVEL .)

  ! PONTOVIRGULA    [ reduce using rule 22 (expression -> VARIAVEL .) ]


state 25

    (7) statement -> VARIAVEL ATRIBUICAO expression . PONTOVIRGULA
    (14) expression -> expression . SOMA expression
    (15) expression -> expression . SUB expression
    (16) expression -> expression . MULT expression
    (17) expression -> expression . DIV expression
    (18) expression -> expression . RESTO expression

    PONTOVIRGULA    shift and go to state 40
    SOMA            shift and go to state 33
    SUB             shift and go to state 34
    MULT            shift and go to state 35
    DIV             shift and go to state 36
    RESTO           shift and go to state 37


state 26

    (8) statement -> VARIAVEL ATRIBUICAO INTEIRO . PONTOVIRGULA
    (20) expression -> INTEIRO .

  ! shift/reduce conflict for PONTOVIRGULA resolved as shift
    PONTOVIRGULA    shift and go to state 41
    SOMA            reduce using rule 20 (expression -> INTEIRO .)
    SUB             reduce using rule 20 (expression -> INTEIRO .)
    MULT            reduce using rule 20 (expression -> INTEIRO .)
    DIV             reduce using rule 20 (expression -> INTEIRO .)
    RESTO           reduce using rule 20 (expression -> INTEIRO .)

  ! PONTOVIRGULA    [ reduce using rule 20 (expression -> INTEIRO .) ]


state 27

    (9) statement -> VARIAVEL ATRIBUICAO REAL . PONTOVIRGULA
    (21) expression -> REAL .

  ! shift/reduce conflict for PONTOVIRGULA resolved as shift
    PONTOVIRGULA    shift and go to state 42
    SOMA            reduce using rule 21 (expression -> REAL .)
    SUB             reduce using rule 21 (expression -> REAL .)
    MULT            reduce using rule 21 (expression -> REAL .)
    DIV             reduce using rule 21 (expression -> REAL .)
    RESTO           reduce using rule 21 (expression -> REAL .)

  ! PONTOVIRGULA    [ reduce using rule 21 (expression -> REAL .) ]


state 28

    (10) statement -> VARIAVEL ATRIBUICAO CARACTER . PONTOVIRGULA
    (23) expression -> CARACTER .

  ! shift/reduce conflict for PONTOVIRGULA resolved as shift
    PONTOVIRGULA    shift and go to state 43
    SOMA            reduce using rule 23 (expression -> CARACTER .)
    SUB             reduce using rule 23 (expression -> CARACTER .)
    MULT            reduce using rule 23 (expression -> CARACTER .)
    DIV             reduce using rule 23 (expression -> CARACTER .)
    RESTO           reduce using rule 23 (expression -> CARACTER .)

  ! PONTOVIRGULA    [ reduce using rule 23 (expression -> CARACTER .) ]


state 29

    (12) statement -> ENTRADA ABREPARENTESE VARIAVEL . FECHAPARENTESE PONTOVIRGULA

    FECHAPARENTESE  shift and go to state 44


state 30

    (13) statement -> SAIDA ABREPARENTESE expression . FECHAPARENTESE PONTOVIRGULA
    (14) expression -> expression . SOMA expression
    (15) expression -> expression . SUB expression
    (16) expression -> expression . MULT expression
    (17) expression -> expression . DIV expression
    (18) expression -> expression . RESTO expression

    FECHAPARENTESE  shift and go to state 45
    SOMA            shift and go to state 33
    SUB             shift and go to state 34
    MULT            shift and go to state 35
    DIV             shift and go to state 36
    RESTO           shift and go to state 37


state 31

    (19) expression -> ABREPARENTESE expression . FECHAPARENTESE
    (14) expression -> expression . SOMA expression
    (15) expression -> expression . SUB expression
    (16) expression -> expression . MULT expression
    (17) expression -> expression . DIV expression
    (18) expression -> expression . RESTO expression

    FECHAPARENTESE  shift and go to state 46
    SOMA            shift and go to state 33
    SUB             shift and go to state 34
    MULT            shift and go to state 35
    DIV             shift and go to state 36
    RESTO           shift and go to state 37


state 32

    (4) statement -> REPETICAO ABREPARENTESE expression FECHAPARENTESE . INICIOBLOCO statements FIMBLOCO

    INICIOBLOCO     shift and go to state 47


state 33

    (14) expression -> expression SOMA . expression
    (14) expression -> . expression SOMA expression
    (15) expression -> . expression SUB expression
    (16) expression -> . expression MULT expression
    (17) expression -> . expression DIV expression
    (18) expression -> . expression RESTO expression
    (19) expression -> . ABREPARENTESE expression FECHAPARENTESE
    (20) expression -> . INTEIRO
    (21) expression -> . REAL
    (22) expression -> . VARIAVEL
    (23) expression -> . CARACTER

    ABREPARENTESE   shift and go to state 17
    INTEIRO         shift and go to state 19
    REAL            shift and go to state 20
    VARIAVEL        shift and go to state 21
    CARACTER        shift and go to state 22

    expression                     shift and go to state 48

state 34

    (15) expression -> expression SUB . expression
    (14) expression -> . expression SOMA expression
    (15) expression -> . expression SUB expression
    (16) expression -> . expression MULT expression
    (17) expression -> . expression DIV expression
    (18) expression -> . expression RESTO expression
    (19) expression -> . ABREPARENTESE expression FECHAPARENTESE
    (20) expression -> . INTEIRO
    (21) expression -> . REAL
    (22) expression -> . VARIAVEL
    (23) expression -> . CARACTER

    ABREPARENTESE   shift and go to state 17
    INTEIRO         shift and go to state 19
    REAL            shift and go to state 20
    VARIAVEL        shift and go to state 21
    CARACTER        shift and go to state 22

    expression                     shift and go to state 49

state 35

    (16) expression -> expression MULT . expression
    (14) expression -> . expression SOMA expression
    (15) expression -> . expression SUB expression
    (16) expression -> . expression MULT expression
    (17) expression -> . expression DIV expression
    (18) expression -> . expression RESTO expression
    (19) expression -> . ABREPARENTESE expression FECHAPARENTESE
    (20) expression -> . INTEIRO
    (21) expression -> . REAL
    (22) expression -> . VARIAVEL
    (23) expression -> . CARACTER

    ABREPARENTESE   shift and go to state 17
    INTEIRO         shift and go to state 19
    REAL            shift and go to state 20
    VARIAVEL        shift and go to state 21
    CARACTER        shift and go to state 22

    expression                     shift and go to state 50

state 36

    (17) expression -> expression DIV . expression
    (14) expression -> . expression SOMA expression
    (15) expression -> . expression SUB expression
    (16) expression -> . expression MULT expression
    (17) expression -> . expression DIV expression
    (18) expression -> . expression RESTO expression
    (19) expression -> . ABREPARENTESE expression FECHAPARENTESE
    (20) expression -> . INTEIRO
    (21) expression -> . REAL
    (22) expression -> . VARIAVEL
    (23) expression -> . CARACTER

    ABREPARENTESE   shift and go to state 17
    INTEIRO         shift and go to state 19
    REAL            shift and go to state 20
    VARIAVEL        shift and go to state 21
    CARACTER        shift and go to state 22

    expression                     shift and go to state 51

state 37

    (18) expression -> expression RESTO . expression
    (14) expression -> . expression SOMA expression
    (15) expression -> . expression SUB expression
    (16) expression -> . expression MULT expression
    (17) expression -> . expression DIV expression
    (18) expression -> . expression RESTO expression
    (19) expression -> . ABREPARENTESE expression FECHAPARENTESE
    (20) expression -> . INTEIRO
    (21) expression -> . REAL
    (22) expression -> . VARIAVEL
    (23) expression -> . CARACTER

    ABREPARENTESE   shift and go to state 17
    INTEIRO         shift and go to state 19
    REAL            shift and go to state 20
    VARIAVEL        shift and go to state 21
    CARACTER        shift and go to state 22

    expression                     shift and go to state 52

state 38

    (5) statement -> CASO ABREPARENTESE expression FECHAPARENTESE . INICIOBLOCO statements FIMBLOCO
    (6) statement -> CASO ABREPARENTESE expression FECHAPARENTESE . INICIOBLOCO statements FIMBLOCO CASOCONTRARIO INICIOBLOCO statements FIMBLOCO

    INICIOBLOCO     shift and go to state 53


state 39

    (11) statement -> VARIAVEL ATRIBUICAO VARIAVEL PONTOVIRGULA .

    CLOSE           reduce using rule 11 (statement -> VARIAVEL ATRIBUICAO VARIAVEL PONTOVIRGULA .)
    REPETICAO       reduce using rule 11 (statement -> VARIAVEL ATRIBUICAO VARIAVEL PONTOVIRGULA .)
    CASO            reduce using rule 11 (statement -> VARIAVEL ATRIBUICAO VARIAVEL PONTOVIRGULA .)
    VARIAVEL        reduce using rule 11 (statement -> VARIAVEL ATRIBUICAO VARIAVEL PONTOVIRGULA .)
    ENTRADA         reduce using rule 11 (statement -> VARIAVEL ATRIBUICAO VARIAVEL PONTOVIRGULA .)
    SAIDA           reduce using rule 11 (statement -> VARIAVEL ATRIBUICAO VARIAVEL PONTOVIRGULA .)
    FIMBLOCO        reduce using rule 11 (statement -> VARIAVEL ATRIBUICAO VARIAVEL PONTOVIRGULA .)


state 40

    (7) statement -> VARIAVEL ATRIBUICAO expression PONTOVIRGULA .

    CLOSE           reduce using rule 7 (statement -> VARIAVEL ATRIBUICAO expression PONTOVIRGULA .)
    REPETICAO       reduce using rule 7 (statement -> VARIAVEL ATRIBUICAO expression PONTOVIRGULA .)
    CASO            reduce using rule 7 (statement -> VARIAVEL ATRIBUICAO expression PONTOVIRGULA .)
    VARIAVEL        reduce using rule 7 (statement -> VARIAVEL ATRIBUICAO expression PONTOVIRGULA .)
    ENTRADA         reduce using rule 7 (statement -> VARIAVEL ATRIBUICAO expression PONTOVIRGULA .)
    SAIDA           reduce using rule 7 (statement -> VARIAVEL ATRIBUICAO expression PONTOVIRGULA .)
    FIMBLOCO        reduce using rule 7 (statement -> VARIAVEL ATRIBUICAO expression PONTOVIRGULA .)


state 41

    (8) statement -> VARIAVEL ATRIBUICAO INTEIRO PONTOVIRGULA .

    CLOSE           reduce using rule 8 (statement -> VARIAVEL ATRIBUICAO INTEIRO PONTOVIRGULA .)
    REPETICAO       reduce using rule 8 (statement -> VARIAVEL ATRIBUICAO INTEIRO PONTOVIRGULA .)
    CASO            reduce using rule 8 (statement -> VARIAVEL ATRIBUICAO INTEIRO PONTOVIRGULA .)
    VARIAVEL        reduce using rule 8 (statement -> VARIAVEL ATRIBUICAO INTEIRO PONTOVIRGULA .)
    ENTRADA         reduce using rule 8 (statement -> VARIAVEL ATRIBUICAO INTEIRO PONTOVIRGULA .)
    SAIDA           reduce using rule 8 (statement -> VARIAVEL ATRIBUICAO INTEIRO PONTOVIRGULA .)
    FIMBLOCO        reduce using rule 8 (statement -> VARIAVEL ATRIBUICAO INTEIRO PONTOVIRGULA .)


state 42

    (9) statement -> VARIAVEL ATRIBUICAO REAL PONTOVIRGULA .

    CLOSE           reduce using rule 9 (statement -> VARIAVEL ATRIBUICAO REAL PONTOVIRGULA .)
    REPETICAO       reduce using rule 9 (statement -> VARIAVEL ATRIBUICAO REAL PONTOVIRGULA .)
    CASO            reduce using rule 9 (statement -> VARIAVEL ATRIBUICAO REAL PONTOVIRGULA .)
    VARIAVEL        reduce using rule 9 (statement -> VARIAVEL ATRIBUICAO REAL PONTOVIRGULA .)
    ENTRADA         reduce using rule 9 (statement -> VARIAVEL ATRIBUICAO REAL PONTOVIRGULA .)
    SAIDA           reduce using rule 9 (statement -> VARIAVEL ATRIBUICAO REAL PONTOVIRGULA .)
    FIMBLOCO        reduce using rule 9 (statement -> VARIAVEL ATRIBUICAO REAL PONTOVIRGULA .)


state 43

    (10) statement -> VARIAVEL ATRIBUICAO CARACTER PONTOVIRGULA .

    CLOSE           reduce using rule 10 (statement -> VARIAVEL ATRIBUICAO CARACTER PONTOVIRGULA .)
    REPETICAO       reduce using rule 10 (statement -> VARIAVEL ATRIBUICAO CARACTER PONTOVIRGULA .)
    CASO            reduce using rule 10 (statement -> VARIAVEL ATRIBUICAO CARACTER PONTOVIRGULA .)
    VARIAVEL        reduce using rule 10 (statement -> VARIAVEL ATRIBUICAO CARACTER PONTOVIRGULA .)
    ENTRADA         reduce using rule 10 (statement -> VARIAVEL ATRIBUICAO CARACTER PONTOVIRGULA .)
    SAIDA           reduce using rule 10 (statement -> VARIAVEL ATRIBUICAO CARACTER PONTOVIRGULA .)
    FIMBLOCO        reduce using rule 10 (statement -> VARIAVEL ATRIBUICAO CARACTER PONTOVIRGULA .)


state 44

    (12) statement -> ENTRADA ABREPARENTESE VARIAVEL FECHAPARENTESE . PONTOVIRGULA

    PONTOVIRGULA    shift and go to state 54


state 45

    (13) statement -> SAIDA ABREPARENTESE expression FECHAPARENTESE . PONTOVIRGULA

    PONTOVIRGULA    shift and go to state 55


state 46

    (19) expression -> ABREPARENTESE expression FECHAPARENTESE .

    FECHAPARENTESE  reduce using rule 19 (expression -> ABREPARENTESE expression FECHAPARENTESE .)
    SOMA            reduce using rule 19 (expression -> ABREPARENTESE expression FECHAPARENTESE .)
    SUB             reduce using rule 19 (expression -> ABREPARENTESE expression FECHAPARENTESE .)
    MULT            reduce using rule 19 (expression -> ABREPARENTESE expression FECHAPARENTESE .)
    DIV             reduce using rule 19 (expression -> ABREPARENTESE expression FECHAPARENTESE .)
    RESTO           reduce using rule 19 (expression -> ABREPARENTESE expression FECHAPARENTESE .)
    PONTOVIRGULA    reduce using rule 19 (expression -> ABREPARENTESE expression FECHAPARENTESE .)


state 47

    (4) statement -> REPETICAO ABREPARENTESE expression FECHAPARENTESE INICIOBLOCO . statements FIMBLOCO
    (2) statements -> . statements statement
    (3) statements -> . statement
    (4) statement -> . REPETICAO ABREPARENTESE expression FECHAPARENTESE INICIOBLOCO statements FIMBLOCO
    (5) statement -> . CASO ABREPARENTESE expression FECHAPARENTESE INICIOBLOCO statements FIMBLOCO
    (6) statement -> . CASO ABREPARENTESE expression FECHAPARENTESE INICIOBLOCO statements FIMBLOCO CASOCONTRARIO INICIOBLOCO statements FIMBLOCO
    (7) statement -> . VARIAVEL ATRIBUICAO expression PONTOVIRGULA
    (8) statement -> . VARIAVEL ATRIBUICAO INTEIRO PONTOVIRGULA
    (9) statement -> . VARIAVEL ATRIBUICAO REAL PONTOVIRGULA
    (10) statement -> . VARIAVEL ATRIBUICAO CARACTER PONTOVIRGULA
    (11) statement -> . VARIAVEL ATRIBUICAO VARIAVEL PONTOVIRGULA
    (12) statement -> . ENTRADA ABREPARENTESE VARIAVEL FECHAPARENTESE PONTOVIRGULA
    (13) statement -> . SAIDA ABREPARENTESE expression FECHAPARENTESE PONTOVIRGULA

    REPETICAO       shift and go to state 5
    CASO            shift and go to state 6
    VARIAVEL        shift and go to state 7
    ENTRADA         shift and go to state 8
    SAIDA           shift and go to state 9

    statements                     shift and go to state 56
    statement                      shift and go to state 4

state 48

    (14) expression -> expression SOMA expression .
    (14) expression -> expression . SOMA expression
    (15) expression -> expression . SUB expression
    (16) expression -> expression . MULT expression
    (17) expression -> expression . DIV expression
    (18) expression -> expression . RESTO expression

  ! shift/reduce conflict for SOMA resolved as shift
  ! shift/reduce conflict for SUB resolved as shift
  ! shift/reduce conflict for MULT resolved as shift
  ! shift/reduce conflict for DIV resolved as shift
  ! shift/reduce conflict for RESTO resolved as shift
    FECHAPARENTESE  reduce using rule 14 (expression -> expression SOMA expression .)
    PONTOVIRGULA    reduce using rule 14 (expression -> expression SOMA expression .)
    SOMA            shift and go to state 33
    SUB             shift and go to state 34
    MULT            shift and go to state 35
    DIV             shift and go to state 36
    RESTO           shift and go to state 37

  ! SOMA            [ reduce using rule 14 (expression -> expression SOMA expression .) ]
  ! SUB             [ reduce using rule 14 (expression -> expression SOMA expression .) ]
  ! MULT            [ reduce using rule 14 (expression -> expression SOMA expression .) ]
  ! DIV             [ reduce using rule 14 (expression -> expression SOMA expression .) ]
  ! RESTO           [ reduce using rule 14 (expression -> expression SOMA expression .) ]


state 49

    (15) expression -> expression SUB expression .
    (14) expression -> expression . SOMA expression
    (15) expression -> expression . SUB expression
    (16) expression -> expression . MULT expression
    (17) expression -> expression . DIV expression
    (18) expression -> expression . RESTO expression

  ! shift/reduce conflict for SOMA resolved as shift
  ! shift/reduce conflict for SUB resolved as shift
  ! shift/reduce conflict for MULT resolved as shift
  ! shift/reduce conflict for DIV resolved as shift
  ! shift/reduce conflict for RESTO resolved as shift
    FECHAPARENTESE  reduce using rule 15 (expression -> expression SUB expression .)
    PONTOVIRGULA    reduce using rule 15 (expression -> expression SUB expression .)
    SOMA            shift and go to state 33
    SUB             shift and go to state 34
    MULT            shift and go to state 35
    DIV             shift and go to state 36
    RESTO           shift and go to state 37

  ! SOMA            [ reduce using rule 15 (expression -> expression SUB expression .) ]
  ! SUB             [ reduce using rule 15 (expression -> expression SUB expression .) ]
  ! MULT            [ reduce using rule 15 (expression -> expression SUB expression .) ]
  ! DIV             [ reduce using rule 15 (expression -> expression SUB expression .) ]
  ! RESTO           [ reduce using rule 15 (expression -> expression SUB expression .) ]


state 50

    (16) expression -> expression MULT expression .
    (14) expression -> expression . SOMA expression
    (15) expression -> expression . SUB expression
    (16) expression -> expression . MULT expression
    (17) expression -> expression . DIV expression
    (18) expression -> expression . RESTO expression

  ! shift/reduce conflict for SOMA resolved as shift
  ! shift/reduce conflict for SUB resolved as shift
  ! shift/reduce conflict for MULT resolved as shift
  ! shift/reduce conflict for DIV resolved as shift
  ! shift/reduce conflict for RESTO resolved as shift
    FECHAPARENTESE  reduce using rule 16 (expression -> expression MULT expression .)
    PONTOVIRGULA    reduce using rule 16 (expression -> expression MULT expression .)
    SOMA            shift and go to state 33
    SUB             shift and go to state 34
    MULT            shift and go to state 35
    DIV             shift and go to state 36
    RESTO           shift and go to state 37

  ! SOMA            [ reduce using rule 16 (expression -> expression MULT expression .) ]
  ! SUB             [ reduce using rule 16 (expression -> expression MULT expression .) ]
  ! MULT            [ reduce using rule 16 (expression -> expression MULT expression .) ]
  ! DIV             [ reduce using rule 16 (expression -> expression MULT expression .) ]
  ! RESTO           [ reduce using rule 16 (expression -> expression MULT expression .) ]


state 51

    (17) expression -> expression DIV expression .
    (14) expression -> expression . SOMA expression
    (15) expression -> expression . SUB expression
    (16) expression -> expression . MULT expression
    (17) expression -> expression . DIV expression
    (18) expression -> expression . RESTO expression

  ! shift/reduce conflict for SOMA resolved as shift
  ! shift/reduce conflict for SUB resolved as shift
  ! shift/reduce conflict for MULT resolved as shift
  ! shift/reduce conflict for DIV resolved as shift
  ! shift/reduce conflict for RESTO resolved as shift
    FECHAPARENTESE  reduce using rule 17 (expression -> expression DIV expression .)
    PONTOVIRGULA    reduce using rule 17 (expression -> expression DIV expression .)
    SOMA            shift and go to state 33
    SUB             shift and go to state 34
    MULT            shift and go to state 35
    DIV             shift and go to state 36
    RESTO           shift and go to state 37

  ! SOMA            [ reduce using rule 17 (expression -> expression DIV expression .) ]
  ! SUB             [ reduce using rule 17 (expression -> expression DIV expression .) ]
  ! MULT            [ reduce using rule 17 (expression -> expression DIV expression .) ]
  ! DIV             [ reduce using rule 17 (expression -> expression DIV expression .) ]
  ! RESTO           [ reduce using rule 17 (expression -> expression DIV expression .) ]


state 52

    (18) expression -> expression RESTO expression .
    (14) expression -> expression . SOMA expression
    (15) expression -> expression . SUB expression
    (16) expression -> expression . MULT expression
    (17) expression -> expression . DIV expression
    (18) expression -> expression . RESTO expression

  ! shift/reduce conflict for SOMA resolved as shift
  ! shift/reduce conflict for SUB resolved as shift
  ! shift/reduce conflict for MULT resolved as shift
  ! shift/reduce conflict for DIV resolved as shift
  ! shift/reduce conflict for RESTO resolved as shift
    FECHAPARENTESE  reduce using rule 18 (expression -> expression RESTO expression .)
    PONTOVIRGULA    reduce using rule 18 (expression -> expression RESTO expression .)
    SOMA            shift and go to state 33
    SUB             shift and go to state 34
    MULT            shift and go to state 35
    DIV             shift and go to state 36
    RESTO           shift and go to state 37

  ! SOMA            [ reduce using rule 18 (expression -> expression RESTO expression .) ]
  ! SUB             [ reduce using rule 18 (expression -> expression RESTO expression .) ]
  ! MULT            [ reduce using rule 18 (expression -> expression RESTO expression .) ]
  ! DIV             [ reduce using rule 18 (expression -> expression RESTO expression .) ]
  ! RESTO           [ reduce using rule 18 (expression -> expression RESTO expression .) ]


state 53

    (5) statement -> CASO ABREPARENTESE expression FECHAPARENTESE INICIOBLOCO . statements FIMBLOCO
    (6) statement -> CASO ABREPARENTESE expression FECHAPARENTESE INICIOBLOCO . statements FIMBLOCO CASOCONTRARIO INICIOBLOCO statements FIMBLOCO
    (2) statements -> . statements statement
    (3) statements -> . statement
    (4) statement -> . REPETICAO ABREPARENTESE expression FECHAPARENTESE INICIOBLOCO statements FIMBLOCO
    (5) statement -> . CASO ABREPARENTESE expression FECHAPARENTESE INICIOBLOCO statements FIMBLOCO
    (6) statement -> . CASO ABREPARENTESE expression FECHAPARENTESE INICIOBLOCO statements FIMBLOCO CASOCONTRARIO INICIOBLOCO statements FIMBLOCO
    (7) statement -> . VARIAVEL ATRIBUICAO expression PONTOVIRGULA
    (8) statement -> . VARIAVEL ATRIBUICAO INTEIRO PONTOVIRGULA
    (9) statement -> . VARIAVEL ATRIBUICAO REAL PONTOVIRGULA
    (10) statement -> . VARIAVEL ATRIBUICAO CARACTER PONTOVIRGULA
    (11) statement -> . VARIAVEL ATRIBUICAO VARIAVEL PONTOVIRGULA
    (12) statement -> . ENTRADA ABREPARENTESE VARIAVEL FECHAPARENTESE PONTOVIRGULA
    (13) statement -> . SAIDA ABREPARENTESE expression FECHAPARENTESE PONTOVIRGULA

    REPETICAO       shift and go to state 5
    CASO            shift and go to state 6
    VARIAVEL        shift and go to state 7
    ENTRADA         shift and go to state 8
    SAIDA           shift and go to state 9

    statements                     shift and go to state 57
    statement                      shift and go to state 4

state 54

    (12) statement -> ENTRADA ABREPARENTESE VARIAVEL FECHAPARENTESE PONTOVIRGULA .

    CLOSE           reduce using rule 12 (statement -> ENTRADA ABREPARENTESE VARIAVEL FECHAPARENTESE PONTOVIRGULA .)
    REPETICAO       reduce using rule 12 (statement -> ENTRADA ABREPARENTESE VARIAVEL FECHAPARENTESE PONTOVIRGULA .)
    CASO            reduce using rule 12 (statement -> ENTRADA ABREPARENTESE VARIAVEL FECHAPARENTESE PONTOVIRGULA .)
    VARIAVEL        reduce using rule 12 (statement -> ENTRADA ABREPARENTESE VARIAVEL FECHAPARENTESE PONTOVIRGULA .)
    ENTRADA         reduce using rule 12 (statement -> ENTRADA ABREPARENTESE VARIAVEL FECHAPARENTESE PONTOVIRGULA .)
    SAIDA           reduce using rule 12 (statement -> ENTRADA ABREPARENTESE VARIAVEL FECHAPARENTESE PONTOVIRGULA .)
    FIMBLOCO        reduce using rule 12 (statement -> ENTRADA ABREPARENTESE VARIAVEL FECHAPARENTESE PONTOVIRGULA .)


state 55

    (13) statement -> SAIDA ABREPARENTESE expression FECHAPARENTESE PONTOVIRGULA .

    CLOSE           reduce using rule 13 (statement -> SAIDA ABREPARENTESE expression FECHAPARENTESE PONTOVIRGULA .)
    REPETICAO       reduce using rule 13 (statement -> SAIDA ABREPARENTESE expression FECHAPARENTESE PONTOVIRGULA .)
    CASO            reduce using rule 13 (statement -> SAIDA ABREPARENTESE expression FECHAPARENTESE PONTOVIRGULA .)
    VARIAVEL        reduce using rule 13 (statement -> SAIDA ABREPARENTESE expression FECHAPARENTESE PONTOVIRGULA .)
    ENTRADA         reduce using rule 13 (statement -> SAIDA ABREPARENTESE expression FECHAPARENTESE PONTOVIRGULA .)
    SAIDA           reduce using rule 13 (statement -> SAIDA ABREPARENTESE expression FECHAPARENTESE PONTOVIRGULA .)
    FIMBLOCO        reduce using rule 13 (statement -> SAIDA ABREPARENTESE expression FECHAPARENTESE PONTOVIRGULA .)


state 56

    (4) statement -> REPETICAO ABREPARENTESE expression FECHAPARENTESE INICIOBLOCO statements . FIMBLOCO
    (2) statements -> statements . statement
    (4) statement -> . REPETICAO ABREPARENTESE expression FECHAPARENTESE INICIOBLOCO statements FIMBLOCO
    (5) statement -> . CASO ABREPARENTESE expression FECHAPARENTESE INICIOBLOCO statements FIMBLOCO
    (6) statement -> . CASO ABREPARENTESE expression FECHAPARENTESE INICIOBLOCO statements FIMBLOCO CASOCONTRARIO INICIOBLOCO statements FIMBLOCO
    (7) statement -> . VARIAVEL ATRIBUICAO expression PONTOVIRGULA
    (8) statement -> . VARIAVEL ATRIBUICAO INTEIRO PONTOVIRGULA
    (9) statement -> . VARIAVEL ATRIBUICAO REAL PONTOVIRGULA
    (10) statement -> . VARIAVEL ATRIBUICAO CARACTER PONTOVIRGULA
    (11) statement -> . VARIAVEL ATRIBUICAO VARIAVEL PONTOVIRGULA
    (12) statement -> . ENTRADA ABREPARENTESE VARIAVEL FECHAPARENTESE PONTOVIRGULA
    (13) statement -> . SAIDA ABREPARENTESE expression FECHAPARENTESE PONTOVIRGULA

    FIMBLOCO        shift and go to state 58
    REPETICAO       shift and go to state 5
    CASO            shift and go to state 6
    VARIAVEL        shift and go to state 7
    ENTRADA         shift and go to state 8
    SAIDA           shift and go to state 9

    statement                      shift and go to state 11

state 57

    (5) statement -> CASO ABREPARENTESE expression FECHAPARENTESE INICIOBLOCO statements . FIMBLOCO
    (6) statement -> CASO ABREPARENTESE expression FECHAPARENTESE INICIOBLOCO statements . FIMBLOCO CASOCONTRARIO INICIOBLOCO statements FIMBLOCO
    (2) statements -> statements . statement
    (4) statement -> . REPETICAO ABREPARENTESE expression FECHAPARENTESE INICIOBLOCO statements FIMBLOCO
    (5) statement -> . CASO ABREPARENTESE expression FECHAPARENTESE INICIOBLOCO statements FIMBLOCO
    (6) statement -> . CASO ABREPARENTESE expression FECHAPARENTESE INICIOBLOCO statements FIMBLOCO CASOCONTRARIO INICIOBLOCO statements FIMBLOCO
    (7) statement -> . VARIAVEL ATRIBUICAO expression PONTOVIRGULA
    (8) statement -> . VARIAVEL ATRIBUICAO INTEIRO PONTOVIRGULA
    (9) statement -> . VARIAVEL ATRIBUICAO REAL PONTOVIRGULA
    (10) statement -> . VARIAVEL ATRIBUICAO CARACTER PONTOVIRGULA
    (11) statement -> . VARIAVEL ATRIBUICAO VARIAVEL PONTOVIRGULA
    (12) statement -> . ENTRADA ABREPARENTESE VARIAVEL FECHAPARENTESE PONTOVIRGULA
    (13) statement -> . SAIDA ABREPARENTESE expression FECHAPARENTESE PONTOVIRGULA

    FIMBLOCO        shift and go to state 59
    REPETICAO       shift and go to state 5
    CASO            shift and go to state 6
    VARIAVEL        shift and go to state 7
    ENTRADA         shift and go to state 8
    SAIDA           shift and go to state 9

    statement                      shift and go to state 11

state 58

    (4) statement -> REPETICAO ABREPARENTESE expression FECHAPARENTESE INICIOBLOCO statements FIMBLOCO .

    CLOSE           reduce using rule 4 (statement -> REPETICAO ABREPARENTESE expression FECHAPARENTESE INICIOBLOCO statements FIMBLOCO .)
    REPETICAO       reduce using rule 4 (statement -> REPETICAO ABREPARENTESE expression FECHAPARENTESE INICIOBLOCO statements FIMBLOCO .)
    CASO            reduce using rule 4 (statement -> REPETICAO ABREPARENTESE expression FECHAPARENTESE INICIOBLOCO statements FIMBLOCO .)
    VARIAVEL        reduce using rule 4 (statement -> REPETICAO ABREPARENTESE expression FECHAPARENTESE INICIOBLOCO statements FIMBLOCO .)
    ENTRADA         reduce using rule 4 (statement -> REPETICAO ABREPARENTESE expression FECHAPARENTESE INICIOBLOCO statements FIMBLOCO .)
    SAIDA           reduce using rule 4 (statement -> REPETICAO ABREPARENTESE expression FECHAPARENTESE INICIOBLOCO statements FIMBLOCO .)
    FIMBLOCO        reduce using rule 4 (statement -> REPETICAO ABREPARENTESE expression FECHAPARENTESE INICIOBLOCO statements FIMBLOCO .)


state 59

    (5) statement -> CASO ABREPARENTESE expression FECHAPARENTESE INICIOBLOCO statements FIMBLOCO .
    (6) statement -> CASO ABREPARENTESE expression FECHAPARENTESE INICIOBLOCO statements FIMBLOCO . CASOCONTRARIO INICIOBLOCO statements FIMBLOCO

    CLOSE           reduce using rule 5 (statement -> CASO ABREPARENTESE expression FECHAPARENTESE INICIOBLOCO statements FIMBLOCO .)
    REPETICAO       reduce using rule 5 (statement -> CASO ABREPARENTESE expression FECHAPARENTESE INICIOBLOCO statements FIMBLOCO .)
    CASO            reduce using rule 5 (statement -> CASO ABREPARENTESE expression FECHAPARENTESE INICIOBLOCO statements FIMBLOCO .)
    VARIAVEL        reduce using rule 5 (statement -> CASO ABREPARENTESE expression FECHAPARENTESE INICIOBLOCO statements FIMBLOCO .)
    ENTRADA         reduce using rule 5 (statement -> CASO ABREPARENTESE expression FECHAPARENTESE INICIOBLOCO statements FIMBLOCO .)
    SAIDA           reduce using rule 5 (statement -> CASO ABREPARENTESE expression FECHAPARENTESE INICIOBLOCO statements FIMBLOCO .)
    FIMBLOCO        reduce using rule 5 (statement -> CASO ABREPARENTESE expression FECHAPARENTESE INICIOBLOCO statements FIMBLOCO .)
    CASOCONTRARIO   shift and go to state 60


state 60

    (6) statement -> CASO ABREPARENTESE expression FECHAPARENTESE INICIOBLOCO statements FIMBLOCO CASOCONTRARIO . INICIOBLOCO statements FIMBLOCO

    INICIOBLOCO     shift and go to state 61


state 61

    (6) statement -> CASO ABREPARENTESE expression FECHAPARENTESE INICIOBLOCO statements FIMBLOCO CASOCONTRARIO INICIOBLOCO . statements FIMBLOCO
    (2) statements -> . statements statement
    (3) statements -> . statement
    (4) statement -> . REPETICAO ABREPARENTESE expression FECHAPARENTESE INICIOBLOCO statements FIMBLOCO
    (5) statement -> . CASO ABREPARENTESE expression FECHAPARENTESE INICIOBLOCO statements FIMBLOCO
    (6) statement -> . CASO ABREPARENTESE expression FECHAPARENTESE INICIOBLOCO statements FIMBLOCO CASOCONTRARIO INICIOBLOCO statements FIMBLOCO
    (7) statement -> . VARIAVEL ATRIBUICAO expression PONTOVIRGULA
    (8) statement -> . VARIAVEL ATRIBUICAO INTEIRO PONTOVIRGULA
    (9) statement -> . VARIAVEL ATRIBUICAO REAL PONTOVIRGULA
    (10) statement -> . VARIAVEL ATRIBUICAO CARACTER PONTOVIRGULA
    (11) statement -> . VARIAVEL ATRIBUICAO VARIAVEL PONTOVIRGULA
    (12) statement -> . ENTRADA ABREPARENTESE VARIAVEL FECHAPARENTESE PONTOVIRGULA
    (13) statement -> . SAIDA ABREPARENTESE expression FECHAPARENTESE PONTOVIRGULA

    REPETICAO       shift and go to state 5
    CASO            shift and go to state 6
    VARIAVEL        shift and go to state 7
    ENTRADA         shift and go to state 8
    SAIDA           shift and go to state 9

    statements                     shift and go to state 62
    statement                      shift and go to state 4

state 62

    (6) statement -> CASO ABREPARENTESE expression FECHAPARENTESE INICIOBLOCO statements FIMBLOCO CASOCONTRARIO INICIOBLOCO statements . FIMBLOCO
    (2) statements -> statements . statement
    (4) statement -> . REPETICAO ABREPARENTESE expression FECHAPARENTESE INICIOBLOCO statements FIMBLOCO
    (5) statement -> . CASO ABREPARENTESE expression FECHAPARENTESE INICIOBLOCO statements FIMBLOCO
    (6) statement -> . CASO ABREPARENTESE expression FECHAPARENTESE INICIOBLOCO statements FIMBLOCO CASOCONTRARIO INICIOBLOCO statements FIMBLOCO
    (7) statement -> . VARIAVEL ATRIBUICAO expression PONTOVIRGULA
    (8) statement -> . VARIAVEL ATRIBUICAO INTEIRO PONTOVIRGULA
    (9) statement -> . VARIAVEL ATRIBUICAO REAL PONTOVIRGULA
    (10) statement -> . VARIAVEL ATRIBUICAO CARACTER PONTOVIRGULA
    (11) statement -> . VARIAVEL ATRIBUICAO VARIAVEL PONTOVIRGULA
    (12) statement -> . ENTRADA ABREPARENTESE VARIAVEL FECHAPARENTESE PONTOVIRGULA
    (13) statement -> . SAIDA ABREPARENTESE expression FECHAPARENTESE PONTOVIRGULA

    FIMBLOCO        shift and go to state 63
    REPETICAO       shift and go to state 5
    CASO            shift and go to state 6
    VARIAVEL        shift and go to state 7
    ENTRADA         shift and go to state 8
    SAIDA           shift and go to state 9

    statement                      shift and go to state 11

state 63

    (6) statement -> CASO ABREPARENTESE expression FECHAPARENTESE INICIOBLOCO statements FIMBLOCO CASOCONTRARIO INICIOBLOCO statements FIMBLOCO .

    CLOSE           reduce using rule 6 (statement -> CASO ABREPARENTESE expression FECHAPARENTESE INICIOBLOCO statements FIMBLOCO CASOCONTRARIO INICIOBLOCO statements FIMBLOCO .)
    REPETICAO       reduce using rule 6 (statement -> CASO ABREPARENTESE expression FECHAPARENTESE INICIOBLOCO statements FIMBLOCO CASOCONTRARIO INICIOBLOCO statements FIMBLOCO .)
    CASO            reduce using rule 6 (statement -> CASO ABREPARENTESE expression FECHAPARENTESE INICIOBLOCO statements FIMBLOCO CASOCONTRARIO INICIOBLOCO statements FIMBLOCO .)
    VARIAVEL        reduce using rule 6 (statement -> CASO ABREPARENTESE expression FECHAPARENTESE INICIOBLOCO statements FIMBLOCO CASOCONTRARIO INICIOBLOCO statements FIMBLOCO .)
    ENTRADA         reduce using rule 6 (statement -> CASO ABREPARENTESE expression FECHAPARENTESE INICIOBLOCO statements FIMBLOCO CASOCONTRARIO INICIOBLOCO statements FIMBLOCO .)
    SAIDA           reduce using rule 6 (statement -> CASO ABREPARENTESE expression FECHAPARENTESE INICIOBLOCO statements FIMBLOCO CASOCONTRARIO INICIOBLOCO statements FIMBLOCO .)
    FIMBLOCO        reduce using rule 6 (statement -> CASO ABREPARENTESE expression FECHAPARENTESE INICIOBLOCO statements FIMBLOCO CASOCONTRARIO INICIOBLOCO statements FIMBLOCO .)

WARNING: 
WARNING: Conflicts:
WARNING: 
WARNING: shift/reduce conflict for PONTOVIRGULA in state 24 resolved as shift
WARNING: shift/reduce conflict for PONTOVIRGULA in state 26 resolved as shift
WARNING: shift/reduce conflict for PONTOVIRGULA in state 27 resolved as shift
WARNING: shift/reduce conflict for PONTOVIRGULA in state 28 resolved as shift
WARNING: shift/reduce conflict for SOMA in state 48 resolved as shift
WARNING: shift/reduce conflict for SUB in state 48 resolved as shift
WARNING: shift/reduce conflict for MULT in state 48 resolved as shift
WARNING: shift/reduce conflict for DIV in state 48 resolved as shift
WARNING: shift/reduce conflict for RESTO in state 48 resolved as shift
WARNING: shift/reduce conflict for SOMA in state 49 resolved as shift
WARNING: shift/reduce conflict for SUB in state 49 resolved as shift
WARNING: shift/reduce conflict for MULT in state 49 resolved as shift
WARNING: shift/reduce conflict for DIV in state 49 resolved as shift
WARNING: shift/reduce conflict for RESTO in state 49 resolved as shift
WARNING: shift/reduce conflict for SOMA in state 50 resolved as shift
WARNING: shift/reduce conflict for SUB in state 50 resolved as shift
WARNING: shift/reduce conflict for MULT in state 50 resolved as shift
WARNING: shift/reduce conflict for DIV in state 50 resolved as shift
WARNING: shift/reduce conflict for RESTO in state 50 resolved as shift
WARNING: shift/reduce conflict for SOMA in state 51 resolved as shift
WARNING: shift/reduce conflict for SUB in state 51 resolved as shift
WARNING: shift/reduce conflict for MULT in state 51 resolved as shift
WARNING: shift/reduce conflict for DIV in state 51 resolved as shift
WARNING: shift/reduce conflict for RESTO in state 51 resolved as shift
WARNING: shift/reduce conflict for SOMA in state 52 resolved as shift
WARNING: shift/reduce conflict for SUB in state 52 resolved as shift
WARNING: shift/reduce conflict for MULT in state 52 resolved as shift
WARNING: shift/reduce conflict for DIV in state 52 resolved as shift
WARNING: shift/reduce conflict for RESTO in state 52 resolved as shift
